\BOOKMARK [1][-]{section.1}{\376\377\000I\000n\000t\000r\000o\000d\000u\000c\000t\000i\000o\000n}{}% 1
\BOOKMARK [1][-]{section.2}{\376\377\000F\000l\000o\000w\000\040\000o\000n\000\040\000a\000\040\000n\000e\000t\000w\000o\000r\000k}{}% 2
\BOOKMARK [1][-]{section.3}{\376\377\000N\000o\000t\000a\000t\000i\000o\000n}{}% 3
\BOOKMARK [2][-]{subsubsection.3.0.1}{\376\377\000R\000a\000n\000d\000o\000m\000\040\000w\000a\000l\000k\000s}{section.3}% 4
\BOOKMARK [1][-]{section.4}{\376\377\000S\000y\000n\000t\000h\000e\000s\000i\000s\000i\000n\000g\000\040\000e\000r\000g\000o\000d\000i\000c\000\040\000d\000y\000n\000a\000m\000i\000c\000s}{}% 5
\BOOKMARK [1][-]{section.5}{\376\377\000D\000y\000n\000a\000m\000i\000c\000a\000l\000\040\000p\000r\000o\000c\000e\000s\000s\000e\000s\000\040\000o\000n\000\040\000a\000\040\000n\000e\000t\000w\000o\000r\000k}{}% 6
\BOOKMARK [1][-]{section.6}{\376\377\000S\000p\000e\000c\000i\000f\000i\000c\000\040\000s\000i\000m\000i\000l\000a\000r\000i\000t\000y\000\040\000m\000e\000a\000s\000u\000r\000e\000s}{}% 7
\BOOKMARK [2][-]{subsubsection.6.0.1}{\376\377\000D\000i\000s\000c\000r\000e\000t\000e\000-\000t\000i\000m\000e\000\040\000u\000n\000w\000e\000i\000g\000h\000t\000e\000d\000\040\000s\000i\000m\000i\000l\000a\000r\000i\000t\000y\000\040\000m\000a\000t\000r\000i\000x}{section.6}% 8
\BOOKMARK [3][-]{subsubsection.6.0.2}{\376\377\000W\000a\000l\000k\000t\000r\000a\000p\000-\000l\000i\000k\000e\000\040\000s\000i\000m\000i\000l\000a\000r\000i\000t\000y\000\040\000m\000a\000t\000r\000i\000x}{subsubsection.6.0.1}% 9
\BOOKMARK [3][-]{subsubsection.6.0.3}{\376\377\000C\000o\000n\000t\000i\000n\000u\000o\000u\000s\000-\000t\000i\000m\000e\000\040\000d\000y\000n\000a\000m\000i\000c\000a\000l\000\040\000s\000i\000m\000i\000l\000a\000r\000i\000t\000y\000\040\000m\000a\000t\000r\000i\000x}{subsubsection.6.0.1}% 10
\BOOKMARK [2][-]{subsection.6.1}{\376\377\000P\000r\000a\000c\000t\000i\000c\000a\000l\000\040\000c\000o\000n\000s\000i\000d\000e\000r\000a\000t\000i\000o\000n\000s}{section.6}% 11
\BOOKMARK [3][-]{subsubsection.6.1.1}{\376\377\000T\000i\000m\000e\000-\000s\000c\000a\000l\000e\000s}{subsection.6.1}% 12
\BOOKMARK [3][-]{subsubsection.6.1.2}{\376\377\000C\000o\000m\000m\000e\000n\000t\000\040\000o\000n\000\040\000n\000o\000r\000m\000a\000l\000i\000s\000i\000n\000g\000\040\000s\000i\000m\000i\000l\000a\000r\000i\000t\000y\000\040\000m\000a\000t\000r\000i\000c\000e\000s}{subsection.6.1}% 13
\BOOKMARK [3][-]{subsubsection.6.1.3}{\376\377\000S\000i\000m\000i\000l\000a\000r\000i\000t\000y\000-\000b\000a\000s\000e\000d\000\040\000c\000l\000u\000s\000t\000e\000r\000i\000n\000g}{subsection.6.1}% 14
\BOOKMARK [1][-]{section.7}{\376\377\000I\000n\000i\000t\000i\000a\000l\000\040\000a\000n\000a\000l\000y\000s\000i\000s\000\040\000o\000n\000\040\000a\000\040\000m\000o\000d\000e\000l\000\040\000n\000e\000t\000w\000o\000r\000k}{}% 15
\BOOKMARK [2][-]{subsubsection.7.0.1}{\376\377\000U\000n\000w\000e\000i\000g\000h\000t\000e\000d\000\040\000D\000T\000R\000W\000\040\000p\000e\000r\000f\000o\000r\000m\000a\000n\000c\000e}{section.7}% 16
\BOOKMARK [3][-]{subsubsection.7.0.2}{\376\377\000W\000a\000l\000k\000t\000r\000a\000p}{subsubsection.7.0.1}% 17
\BOOKMARK [2][-]{subsection.7.1}{\376\377\000D\000y\000n\000a\000m\000i\000c\000a\000l\000\040\000S\000i\000m\000i\000l\000a\000r\000i\000t\000y}{section.7}% 18
\BOOKMARK [1][-]{section.8}{\376\377\000F\000l\000i\000g\000h\000t\000\040\000N\000e\000t\000w\000o\000r\000k}{}% 19
\BOOKMARK [1][-]{section.9}{\376\377\000D\000y\000n\000a\000m\000i\000c\000a\000l\000\040\000C\000o\000r\000e\000-\000P\000e\000r\000i\000p\000h\000e\000r\000y\000\040\000S\000t\000r\000u\000c\000t\000u\000r\000e\000s}{}% 20
\BOOKMARK [1][-]{section.10}{\376\377\000D\000i\000s\000c\000u\000s\000s\000i\000o\000n}{}% 21
\BOOKMARK [2][-]{subsection.10.1}{\376\377\000M\000e\000m\000o\000r\000y\000\040\000n\000e\000t\000w\000o\000r\000k\000s}{section.10}% 22
\BOOKMARK [1][-]{appendix.A}{\376\377\000F\000l\000i\000g\000h\000t\000\040\000c\000l\000u\000s\000t\000e\000r\000i\000n\000g\000\040\000r\000e\000s\000u\000l\000t\000s}{}% 23
\BOOKMARK [1][-]{appendix.B}{\376\377\000T\000h\000e\000o\000r\000e\000m\000s}{}% 24
